{"C:\\Users\\sveta\\Desktop\\rsschool\\react\\rss-react\\src\\components\\Card\\Card.tsx": {"path":"C:\\Users\\sveta\\Desktop\\rsschool\\react\\rss-react\\src\\components\\Card\\Card.tsx","all":false,"statementMap":{"0":{"start":{"line":1,"column":0},"end":{"line":1,"column":26}},"1":{"start":{"line":2,"column":0},"end":{"line":2,"column":37}},"2":{"start":{"line":3,"column":0},"end":{"line":3,"column":21}},"3":{"start":{"line":4,"column":0},"end":{"line":4,"column":0}},"4":{"start":{"line":5,"column":0},"end":{"line":5,"column":21}},"5":{"start":{"line":6,"column":0},"end":{"line":6,"column":14}},"6":{"start":{"line":7,"column":0},"end":{"line":7,"column":1}},"7":{"start":{"line":8,"column":0},"end":{"line":8,"column":0}},"8":{"start":{"line":9,"column":0},"end":{"line":9,"column":36}},"9":{"start":{"line":10,"column":0},"end":{"line":10,"column":14}},"10":{"start":{"line":11,"column":0},"end":{"line":11,"column":0}},"11":{"start":{"line":12,"column":0},"end":{"line":12,"column":33}},"12":{"start":{"line":13,"column":0},"end":{"line":13,"column":17}},"13":{"start":{"line":14,"column":0},"end":{"line":14,"column":27}},"14":{"start":{"line":15,"column":0},"end":{"line":15,"column":3}},"15":{"start":{"line":16,"column":0},"end":{"line":16,"column":0}},"16":{"start":{"line":17,"column":0},"end":{"line":17,"column":29}},"17":{"start":{"line":18,"column":0},"end":{"line":18,"column":12}},"18":{"start":{"line":19,"column":0},"end":{"line":19,"column":47}},"19":{"start":{"line":20,"column":0},"end":{"line":20,"column":85}},"20":{"start":{"line":21,"column":0},"end":{"line":21,"column":37}},"21":{"start":{"line":22,"column":0},"end":{"line":22,"column":63}},"22":{"start":{"line":23,"column":0},"end":{"line":23,"column":75}},"23":{"start":{"line":24,"column":0},"end":{"line":24,"column":41}},"24":{"start":{"line":25,"column":0},"end":{"line":25,"column":77}},"25":{"start":{"line":26,"column":0},"end":{"line":26,"column":79}},"26":{"start":{"line":27,"column":0},"end":{"line":27,"column":16}},"27":{"start":{"line":28,"column":0},"end":{"line":28,"column":14}},"28":{"start":{"line":29,"column":0},"end":{"line":29,"column":12}},"29":{"start":{"line":30,"column":0},"end":{"line":30,"column":6}},"30":{"start":{"line":31,"column":0},"end":{"line":31,"column":3}},"31":{"start":{"line":32,"column":0},"end":{"line":32,"column":1}},"32":{"start":{"line":33,"column":0},"end":{"line":33,"column":0}},"33":{"start":{"line":34,"column":0},"end":{"line":34,"column":20}}},"s":{"0":1,"1":1,"2":1,"3":1,"4":1,"5":1,"6":1,"7":1,"8":3,"9":3,"10":3,"11":3,"12":3,"13":3,"14":3,"15":3,"16":3,"17":3,"18":3,"19":3,"20":3,"21":3,"22":3,"23":3,"24":3,"25":3,"26":3,"27":3,"28":3,"29":3,"30":3,"31":3,"32":1,"33":1},"branchMap":{"0":{"type":"branch","line":9,"loc":{"start":{"line":9,"column":0},"end":{"line":32,"column":1}},"locations":[{"start":{"line":9,"column":0},"end":{"line":32,"column":1}}]},"1":{"type":"branch","line":12,"loc":{"start":{"line":12,"column":2},"end":{"line":15,"column":3}},"locations":[{"start":{"line":12,"column":2},"end":{"line":15,"column":3}}]},"2":{"type":"branch","line":17,"loc":{"start":{"line":17,"column":2},"end":{"line":31,"column":3}},"locations":[{"start":{"line":17,"column":2},"end":{"line":31,"column":3}}]},"3":{"type":"branch","line":20,"loc":{"start":{"line":20,"column":47},"end":{"line":20,"column":60}},"locations":[{"start":{"line":20,"column":47},"end":{"line":20,"column":60}}]},"4":{"type":"branch","line":20,"loc":{"start":{"line":20,"column":70},"end":{"line":20,"column":83}},"locations":[{"start":{"line":20,"column":70},"end":{"line":20,"column":83}}]},"5":{"type":"branch","line":22,"loc":{"start":{"line":22,"column":45},"end":{"line":22,"column":57}},"locations":[{"start":{"line":22,"column":45},"end":{"line":22,"column":57}}]},"6":{"type":"branch","line":23,"loc":{"start":{"line":23,"column":46},"end":{"line":23,"column":58}},"locations":[{"start":{"line":23,"column":46},"end":{"line":23,"column":58}}]},"7":{"type":"branch","line":25,"loc":{"start":{"line":25,"column":53},"end":{"line":25,"column":66}},"locations":[{"start":{"line":25,"column":53},"end":{"line":25,"column":66}}]},"8":{"type":"branch","line":26,"loc":{"start":{"line":26,"column":54},"end":{"line":26,"column":67}},"locations":[{"start":{"line":26,"column":54},"end":{"line":26,"column":67}}]}},"b":{"0":[3],"1":[3],"2":[3],"3":[0],"4":[0],"5":[0],"6":[0],"7":[0],"8":[0]},"fnMap":{"0":{"name":"<instance_members_initializer>","decl":{"start":{"line":9,"column":0},"end":{"line":32,"column":1}},"loc":{"start":{"line":9,"column":0},"end":{"line":32,"column":1}},"line":9},"1":{"name":"Card","decl":{"start":{"line":12,"column":2},"end":{"line":15,"column":3}},"loc":{"start":{"line":12,"column":2},"end":{"line":15,"column":3}},"line":12},"2":{"name":"render","decl":{"start":{"line":17,"column":2},"end":{"line":31,"column":3}},"loc":{"start":{"line":17,"column":2},"end":{"line":31,"column":3}},"line":17}},"f":{"0":3,"1":3,"2":3}}
}
