{"C:\\Users\\sveta\\Desktop\\rsschool\\react\\rss-react\\src\\components\\Card\\Card.tsx": {"path":"C:\\Users\\sveta\\Desktop\\rsschool\\react\\rss-react\\src\\components\\Card\\Card.tsx","all":false,"statementMap":{"0":{"start":{"line":1,"column":0},"end":{"line":1,"column":26}},"1":{"start":{"line":2,"column":0},"end":{"line":2,"column":37}},"2":{"start":{"line":3,"column":0},"end":{"line":3,"column":21}},"3":{"start":{"line":4,"column":0},"end":{"line":4,"column":0}},"4":{"start":{"line":5,"column":0},"end":{"line":5,"column":21}},"5":{"start":{"line":6,"column":0},"end":{"line":6,"column":14}},"6":{"start":{"line":7,"column":0},"end":{"line":7,"column":1}},"7":{"start":{"line":8,"column":0},"end":{"line":8,"column":0}},"8":{"start":{"line":9,"column":0},"end":{"line":9,"column":36}},"9":{"start":{"line":10,"column":0},"end":{"line":10,"column":14}},"10":{"start":{"line":11,"column":0},"end":{"line":11,"column":0}},"11":{"start":{"line":12,"column":0},"end":{"line":12,"column":33}},"12":{"start":{"line":13,"column":0},"end":{"line":13,"column":17}},"13":{"start":{"line":14,"column":0},"end":{"line":14,"column":27}},"14":{"start":{"line":15,"column":0},"end":{"line":15,"column":3}},"15":{"start":{"line":16,"column":0},"end":{"line":16,"column":0}},"16":{"start":{"line":17,"column":0},"end":{"line":17,"column":29}},"17":{"start":{"line":18,"column":0},"end":{"line":18,"column":12}},"18":{"start":{"line":19,"column":0},"end":{"line":19,"column":47}},"19":{"start":{"line":20,"column":0},"end":{"line":20,"column":12}},"20":{"start":{"line":21,"column":0},"end":{"line":21,"column":33}},"21":{"start":{"line":22,"column":0},"end":{"line":22,"column":32}},"22":{"start":{"line":23,"column":0},"end":{"line":23,"column":32}},"23":{"start":{"line":24,"column":0},"end":{"line":24,"column":34}},"24":{"start":{"line":25,"column":0},"end":{"line":25,"column":10}},"25":{"start":{"line":26,"column":0},"end":{"line":26,"column":37}},"26":{"start":{"line":27,"column":0},"end":{"line":27,"column":63}},"27":{"start":{"line":28,"column":0},"end":{"line":28,"column":75}},"28":{"start":{"line":29,"column":0},"end":{"line":29,"column":41}},"29":{"start":{"line":30,"column":0},"end":{"line":30,"column":77}},"30":{"start":{"line":31,"column":0},"end":{"line":31,"column":79}},"31":{"start":{"line":32,"column":0},"end":{"line":32,"column":16}},"32":{"start":{"line":33,"column":0},"end":{"line":33,"column":14}},"33":{"start":{"line":34,"column":0},"end":{"line":34,"column":12}},"34":{"start":{"line":35,"column":0},"end":{"line":35,"column":6}},"35":{"start":{"line":36,"column":0},"end":{"line":36,"column":3}},"36":{"start":{"line":37,"column":0},"end":{"line":37,"column":1}},"37":{"start":{"line":38,"column":0},"end":{"line":38,"column":0}},"38":{"start":{"line":39,"column":0},"end":{"line":39,"column":20}}},"s":{"0":1,"1":1,"2":1,"3":1,"4":1,"5":1,"6":1,"7":1,"8":1,"9":1,"10":1,"11":1,"12":1,"13":1,"14":1,"15":1,"16":1,"17":1,"18":1,"19":1,"20":1,"21":1,"22":1,"23":1,"24":1,"25":1,"26":1,"27":1,"28":1,"29":1,"30":1,"31":1,"32":1,"33":1,"34":1,"35":1,"36":1,"37":1,"38":1},"branchMap":{"0":{"type":"branch","line":9,"loc":{"start":{"line":9,"column":0},"end":{"line":37,"column":1}},"locations":[{"start":{"line":9,"column":0},"end":{"line":37,"column":1}}]},"1":{"type":"branch","line":12,"loc":{"start":{"line":12,"column":2},"end":{"line":15,"column":3}},"locations":[{"start":{"line":12,"column":2},"end":{"line":15,"column":3}}]},"2":{"type":"branch","line":17,"loc":{"start":{"line":17,"column":2},"end":{"line":36,"column":3}},"locations":[{"start":{"line":17,"column":2},"end":{"line":36,"column":3}}]},"3":{"type":"branch","line":22,"loc":{"start":{"line":22,"column":20},"end":{"line":22,"column":32}},"locations":[{"start":{"line":22,"column":20},"end":{"line":22,"column":32}}]},"4":{"type":"branch","line":23,"loc":{"start":{"line":23,"column":20},"end":{"line":23,"column":32}},"locations":[{"start":{"line":23,"column":20},"end":{"line":23,"column":32}}]},"5":{"type":"branch","line":27,"loc":{"start":{"line":27,"column":45},"end":{"line":27,"column":57}},"locations":[{"start":{"line":27,"column":45},"end":{"line":27,"column":57}}]},"6":{"type":"branch","line":28,"loc":{"start":{"line":28,"column":46},"end":{"line":28,"column":58}},"locations":[{"start":{"line":28,"column":46},"end":{"line":28,"column":58}}]},"7":{"type":"branch","line":30,"loc":{"start":{"line":30,"column":53},"end":{"line":30,"column":66}},"locations":[{"start":{"line":30,"column":53},"end":{"line":30,"column":66}}]},"8":{"type":"branch","line":31,"loc":{"start":{"line":31,"column":54},"end":{"line":31,"column":67}},"locations":[{"start":{"line":31,"column":54},"end":{"line":31,"column":67}}]}},"b":{"0":[1],"1":[1],"2":[1],"3":[0],"4":[0],"5":[0],"6":[0],"7":[0],"8":[0]},"fnMap":{"0":{"name":"<instance_members_initializer>","decl":{"start":{"line":9,"column":0},"end":{"line":37,"column":1}},"loc":{"start":{"line":9,"column":0},"end":{"line":37,"column":1}},"line":9},"1":{"name":"Card","decl":{"start":{"line":12,"column":2},"end":{"line":15,"column":3}},"loc":{"start":{"line":12,"column":2},"end":{"line":15,"column":3}},"line":12},"2":{"name":"render","decl":{"start":{"line":17,"column":2},"end":{"line":36,"column":3}},"loc":{"start":{"line":17,"column":2},"end":{"line":36,"column":3}},"line":17}},"f":{"0":1,"1":1,"2":1}}
}
